// 重构日志: c2423817
// 重构日志: c312d0b9
// 重构日志: 37779ca4
// 重构日志: 9c626c7e
// 重构日志: 6101f9f4
// 同步 ID: fdbaa7af @ Thu Jul  9 09:11:11 UTC 2026
// 同步 ID: de54edac @ Thu Jul  9 18:08:16 UTC 2026
// 重构日志: 9647000a
// 同步 ID: cabc383b @ Sun Jul 12 12:08:09 UTC 2026
// 同步 ID: b402a946 @ Tue Jul 14 06:52:18 UTC 2026
// 同步 ID: 59b8d711 @ Tue Jul 14 12:55:56 UTC 2026
// 同步 ID: a3379103 @ Tue Jul 14 17:06:57 UTC 2026
// 同步 ID: 7608fa74 @ Wed Jul 15 07:53:53 UTC 2026
// 同步 ID: 732129ac @ Wed Jul 15 13:15:59 UTC 2026
// 重构日志: a355c58f
// 同步 ID: 0d7aaee8 @ Fri Jul 17 15:53:34 UTC 2026
// 同步 ID: 340ca388 @ Fri Jul 17 23:03:08 UTC 2026
// 重构日志: 85497c20
// 同步 ID: f077a143 @ Sun Jul 19 16:20:22 UTC 2026
// 同步 ID: 5f33edb8 @ Mon Jul 20 16:27:18 UTC 2026
